\BOOKMARK [0][-]{chapter.1}{Wstep}{}% 1
\BOOKMARK [0][-]{chapter.2}{Cel, za\233ozenia oraz zakres pracy}{}% 2
\BOOKMARK [0][-]{chapter.3}{Grywalnosc w grach mobilnych}{}% 3
\BOOKMARK [1][-]{section.3.1}{Grywalnosc}{chapter.3}% 4
\BOOKMARK [1][-]{section.3.2}{Kontrola}{chapter.3}% 5
\BOOKMARK [0][-]{chapter.4}{Znane metody badawcze}{}% 6
\BOOKMARK [0][-]{chapter.5}{Badanie zdolnosci przyswajania mechanik gry}{}% 7
\BOOKMARK [1][-]{section.5.1}{Za\233ozenia}{chapter.5}% 8
\BOOKMARK [1][-]{section.5.2}{Zastosowany sprzet}{chapter.5}% 9
\BOOKMARK [1][-]{section.5.3}{Gra mobilna}{chapter.5}% 10
\BOOKMARK [2][-]{subsection.5.3.1}{Samouczki}{section.5.3}% 11
\BOOKMARK [1][-]{section.5.4}{Rodzaje interfejs\363w}{chapter.5}% 12
\BOOKMARK [1][-]{section.5.5}{Struktura badania}{chapter.5}% 13
\BOOKMARK [2][-]{subsection.5.5.1}{Czas absolutny}{section.5.5}% 14
\BOOKMARK [2][-]{subsection.5.5.2}{Czas kuli}{section.5.5}% 15
\BOOKMARK [2][-]{subsection.5.5.3}{Czas myslenia}{section.5.5}% 16
\BOOKMARK [2][-]{subsection.5.5.4}{Ilosc obrot\363w}{section.5.5}% 17
\BOOKMARK [2][-]{subsection.5.5.5}{Ilosc dotkniec ekranu}{section.5.5}% 18
\BOOKMARK [0][-]{chapter.6}{Wyniki}{}% 19
\BOOKMARK [1][-]{section.6.1}{Interfejs SWIPE 3D}{chapter.6}% 20
\BOOKMARK [1][-]{section.6.2}{Interfejs SWIPE 2D}{chapter.6}% 21
\BOOKMARK [1][-]{section.6.3}{Interfejs CLICK 3D}{chapter.6}% 22
\BOOKMARK [1][-]{section.6.4}{Interfejs CLICK 2D}{chapter.6}% 23
\BOOKMARK [0][-]{chapter.7}{Podsumowanie i wnioski}{}% 24
\BOOKMARK [0][-]{chapter.8}{Bibliografia}{}% 25
\BOOKMARK [0][-]{chapter.9}{Spis rysunk\363w}{}% 26
\BOOKMARK [0][-]{chapter.10}{Zawartosc p\233yty}{}% 27
