This is pdfTeX, Version 3.14159265-2.6-1.40.19 (MiKTeX 2.9.6800 64-bit) (preloaded format=pdflatex 2018.9.1)  15 SEP 2018 13:57
entering extended mode
**./Master.tex
(Master.tex
LaTeX2e <2018-04-01> patch level 5
("C:\Users\Domo\AppData\Local\Programs\MiKTeX 2.9\tex\latex\base\report.cls"
Document Class: report 2014/09/29 v1.4h Standard LaTeX document class
("C:\Users\Domo\AppData\Local\Programs\MiKTeX 2.9\tex\latex\base\size12.clo"
File: size12.clo 2014/09/29 v1.4h Standard LaTeX file (size option)
)
\c@part=\count80
\c@chapter=\count81
\c@section=\count82
\c@subsection=\count83
\c@subsubsection=\count84
\c@paragraph=\count85
\c@subparagraph=\count86
\c@figure=\count87
\c@table=\count88
\abovecaptionskip=\skip41
\belowcaptionskip=\skip42
\bibindent=\dimen102
)
("C:\Users\Domo\AppData\Local\Programs\MiKTeX 2.9\tex\latex\polski\polski.sty"
Package: polski 2017/05/04 v1.3.4 Polish language package

   Switching to Polish text encoding and Polish maths fonts.
("C:\Users\Domo\AppData\Local\Programs\MiKTeX 2.9\tex\latex\base\ot4enc.def"
File: ot4enc.def 2017/04/05 v2.0i Standard LaTeX file
Now handling font encoding OT4 ...
... no UTF-8 mapping file for font encoding OT4
)
LaTeX Font Info:    Try loading font information for OT4+cmr on input line 360.


("C:\Users\Domo\AppData\Local\Programs\MiKTeX 2.9\tex\latex\polski\ot4cmr.fd"
File: ot4cmr.fd 2008/02/24 v1.2.1 Font defs for fonts PL (MW)
)
LaTeX Font Info:    Overwriting math alphabet `\mathbf' in version `normal'
(Font)                  OT1/cmr/bx/n --> OT4/cmr/bx/n on input line 360.
LaTeX Font Info:    Overwriting math alphabet `\mathsf' in version `normal'
(Font)                  OT1/cmss/m/n --> OT4/cmss/m/n on input line 360.
LaTeX Font Info:    Overwriting math alphabet `\mathit' in version `normal'
(Font)                  OT1/cmr/m/it --> OT4/cmr/m/it on input line 360.
LaTeX Font Info:    Overwriting math alphabet `\mathtt' in version `normal'
(Font)                  OT1/cmtt/m/n --> OT4/cmtt/m/n on input line 360.
LaTeX Font Info:    Overwriting math alphabet `\mathsf' in version `bold'
(Font)                  OT1/cmss/bx/n --> OT4/cmss/bx/n on input line 360.
LaTeX Font Info:    Overwriting math alphabet `\mathit' in version `bold'
(Font)                  OT1/cmr/bx/it --> OT4/cmr/bx/it on input line 360.
LaTeX Font Info:    Encoding `OT1' has changed to `OT4' for symbol font
(Font)              `operators' in the math version `normal' on input line 360.

LaTeX Font Info:    Overwriting symbol font `operators' in version `normal'
(Font)                  OT1/cmr/m/n --> OT4/cmr/m/n on input line 360.
LaTeX Font Info:    Overwriting symbol font `letters' in version `normal'
(Font)                  OML/cmm/m/it --> OML/plm/m/it on input line 360.
LaTeX Font Info:    Overwriting symbol font `symbols' in version `normal'
(Font)                  OMS/cmsy/m/n --> OMS/plsy/m/n on input line 360.
LaTeX Font Info:    Overwriting symbol font `largesymbols' in version `normal'
(Font)                  OMX/cmex/m/n --> OMX/plex/m/n on input line 360.
LaTeX Font Info:    Encoding `OT1' has changed to `OT4' for symbol font
(Font)              `operators' in the math version `bold' on input line 360.
LaTeX Font Info:    Overwriting symbol font `operators' in version `bold'
(Font)                  OT1/cmr/bx/n --> OT4/cmr/bx/n on input line 360.
LaTeX Font Info:    Overwriting symbol font `letters' in version `bold'
(Font)                  OML/cmm/b/it --> OML/plm/b/it on input line 360.
LaTeX Font Info:    Overwriting symbol font `symbols' in version `bold'
(Font)                  OMS/cmsy/b/n --> OMS/plsy/b/n on input line 360.
) ("C:\Users\Domo\AppData\Local\Programs\MiKTeX 2.9\tex\latex\base\inputenc.sty
"
Package: inputenc 2018/04/06 v1.3b Input encoding file
\inpenc@prehook=\toks14
\inpenc@posthook=\toks15
)
("C:\Users\Domo\AppData\Local\Programs\MiKTeX 2.9\tex\latex\graphics\graphicx.s
ty"
Package: graphicx 2017/06/01 v1.1a Enhanced LaTeX Graphics (DPC,SPQR)

("C:\Users\Domo\AppData\Local\Programs\MiKTeX 2.9\tex\latex\graphics\keyval.sty
"
Package: keyval 2014/10/28 v1.15 key=value parser (DPC)
\KV@toks@=\toks16
)
("C:\Users\Domo\AppData\Local\Programs\MiKTeX 2.9\tex\latex\graphics\graphics.s
ty"
Package: graphics 2017/06/25 v1.2c Standard LaTeX Graphics (DPC,SPQR)

("C:\Users\Domo\AppData\Local\Programs\MiKTeX 2.9\tex\latex\graphics\trig.sty"
Package: trig 2016/01/03 v1.10 sin cos tan (DPC)
)
("C:\Users\Domo\AppData\Local\Programs\MiKTeX 2.9\tex\latex\graphics-cfg\graphi
cs.cfg"
File: graphics.cfg 2016/06/04 v1.11 sample graphics configuration
)
Package graphics Info: Driver file: pdftex.def on input line 99.

("C:\Users\Domo\AppData\Local\Programs\MiKTeX 2.9\tex\latex\graphics-def\pdftex
.def"
File: pdftex.def 2018/01/08 v1.0l Graphics/color driver for pdftex
))
\Gin@req@height=\dimen103
\Gin@req@width=\dimen104
)
("C:\Users\Domo\AppData\Local\Programs\MiKTeX 2.9\tex\latex\cite\cite.sty"
LaTeX Info: Redefining \cite on input line 302.
LaTeX Info: Redefining \nocite on input line 332.
Package: cite 2015/02/27  v 5.5
)
("C:\Users\Domo\AppData\Local\Programs\MiKTeX 2.9\tex\latex\float\float.sty"
Package: float 2001/11/08 v1.3d Float enhancements (AL)
\c@float@type=\count89
\float@exts=\toks17
\float@box=\box26
\@float@everytoks=\toks18
\@floatcapt=\box27
)
("C:\Users\Domo\AppData\Local\Programs\MiKTeX 2.9\tex\latex\url\url.sty"
\Urlmuskip=\muskip10
Package: url 2013/09/16  ver 3.4  Verb mode for urls, etc.
)
("C:\Users\Domo\AppData\Local\Programs\MiKTeX 2.9\tex\latex\hyperref\hyperref.s
ty"
Package: hyperref 2018/02/06 v6.86b Hypertext links for LaTeX

("C:\Users\Domo\AppData\Local\Programs\MiKTeX 2.9\tex\generic\oberdiek\hobsub-h
yperref.sty"
Package: hobsub-hyperref 2016/05/16 v1.14 Bundle oberdiek, subset hyperref (HO)


("C:\Users\Domo\AppData\Local\Programs\MiKTeX 2.9\tex\generic\oberdiek\hobsub-g
eneric.sty"
Package: hobsub-generic 2016/05/16 v1.14 Bundle oberdiek, subset generic (HO)
Package: hobsub 2016/05/16 v1.14 Construct package bundles (HO)
Package: infwarerr 2016/05/16 v1.4 Providing info/warning/error messages (HO)
Package: ltxcmds 2016/05/16 v1.23 LaTeX kernel commands for general use (HO)
Package: ifluatex 2016/05/16 v1.4 Provides the ifluatex switch (HO)
Package ifluatex Info: LuaTeX not detected.
Package: ifvtex 2016/05/16 v1.6 Detect VTeX and its facilities (HO)
Package ifvtex Info: VTeX not detected.
Package: intcalc 2016/05/16 v1.2 Expandable calculations with integers (HO)
Package: ifpdf 2017/03/15 v3.2 Provides the ifpdf switch
Package: etexcmds 2016/05/16 v1.6 Avoid name clashes with e-TeX commands (HO)
Package etexcmds Info: Could not find \expanded.
(etexcmds)             That can mean that you are not using pdfTeX 1.50 or
(etexcmds)             that some package has redefined \expanded.
(etexcmds)             In the latter case, load this package earlier.
Package: kvsetkeys 2016/05/16 v1.17 Key value parser (HO)
Package: kvdefinekeys 2016/05/16 v1.4 Define keys (HO)
Package: pdftexcmds 2018/01/30 v0.27 Utility functions of pdfTeX for LuaTeX (HO
)
Package pdftexcmds Info: LuaTeX not detected.
Package pdftexcmds Info: \pdf@primitive is available.
Package pdftexcmds Info: \pdf@ifprimitive is available.
Package pdftexcmds Info: \pdfdraftmode found.
Package: pdfescape 2016/05/16 v1.14 Implements pdfTeX's escape features (HO)
Package: bigintcalc 2016/05/16 v1.4 Expandable calculations on big integers (HO
)
Package: bitset 2016/05/16 v1.2 Handle bit-vector datatype (HO)
Package: uniquecounter 2016/05/16 v1.3 Provide unlimited unique counter (HO)
)
Package hobsub Info: Skipping package `hobsub' (already loaded).
Package: letltxmacro 2016/05/16 v1.5 Let assignment for LaTeX macros (HO)
Package: hopatch 2016/05/16 v1.3 Wrapper for package hooks (HO)
Package: xcolor-patch 2016/05/16 xcolor patch
Package: atveryend 2016/05/16 v1.9 Hooks at the very end of document (HO)
Package atveryend Info: \enddocument detected (standard20110627).
Package: atbegshi 2016/06/09 v1.18 At begin shipout hook (HO)
Package: refcount 2016/05/16 v3.5 Data extraction from label references (HO)
Package: hycolor 2016/05/16 v1.8 Color options for hyperref/bookmark (HO)
)
("C:\Users\Domo\AppData\Local\Programs\MiKTeX 2.9\tex\generic\ifxetex\ifxetex.s
ty"
Package: ifxetex 2010/09/12 v0.6 Provides ifxetex conditional
)
("C:\Users\Domo\AppData\Local\Programs\MiKTeX 2.9\tex\latex\oberdiek\auxhook.st
y"
Package: auxhook 2016/05/16 v1.4 Hooks for auxiliary files (HO)
)
("C:\Users\Domo\AppData\Local\Programs\MiKTeX 2.9\tex\latex\oberdiek\kvoptions.
sty"
Package: kvoptions 2016/05/16 v3.12 Key value format for package options (HO)
)
\@linkdim=\dimen105
\Hy@linkcounter=\count90
\Hy@pagecounter=\count91

("C:\Users\Domo\AppData\Local\Programs\MiKTeX 2.9\tex\latex\hyperref\pd1enc.def
"
File: pd1enc.def 2018/02/06 v6.86b Hyperref: PDFDocEncoding definition (HO)
Now handling font encoding PD1 ...
... no UTF-8 mapping file for font encoding PD1
)
\Hy@SavedSpaceFactor=\count92

("C:\Users\Domo\AppData\Local\Programs\MiKTeX 2.9\tex\latex\00miktex\hyperref.c
fg"
File: hyperref.cfg 2002/06/06 v1.2 hyperref configuration of TeXLive
)
Package hyperref Info: Hyper figures OFF on input line 4509.
Package hyperref Info: Link nesting OFF on input line 4514.
Package hyperref Info: Hyper index ON on input line 4517.
Package hyperref Info: Plain pages OFF on input line 4524.
Package hyperref Info: Backreferencing OFF on input line 4529.
Package hyperref Info: Implicit mode ON; LaTeX internals redefined.
Package hyperref Info: Bookmarks ON on input line 4762.
\c@Hy@tempcnt=\count93
LaTeX Info: Redefining \url on input line 5115.
\XeTeXLinkMargin=\dimen106
\Fld@menulength=\count94
\Field@Width=\dimen107
\Fld@charsize=\dimen108
Package hyperref Info: Hyper figures OFF on input line 6369.
Package hyperref Info: Link nesting OFF on input line 6374.
Package hyperref Info: Hyper index ON on input line 6377.
Package hyperref Info: backreferencing OFF on input line 6384.
Package hyperref Info: Link coloring OFF on input line 6389.
Package hyperref Info: Link coloring with OCG OFF on input line 6394.
Package hyperref Info: PDF/A mode OFF on input line 6399.
LaTeX Info: Redefining \ref on input line 6439.
LaTeX Info: Redefining \pageref on input line 6443.
\Hy@abspage=\count95
\c@Item=\count96
\c@Hfootnote=\count97
)
Package hyperref Info: Driver (autodetected): hpdftex.

("C:\Users\Domo\AppData\Local\Programs\MiKTeX 2.9\tex\latex\hyperref\hpdftex.de
f"
File: hpdftex.def 2018/02/06 v6.86b Hyperref driver for pdfTeX
\Fld@listcount=\count98
\c@bookmark@seq@number=\count99

("C:\Users\Domo\AppData\Local\Programs\MiKTeX 2.9\tex\latex\oberdiek\rerunfilec
heck.sty"
Package: rerunfilecheck 2016/05/16 v1.8 Rerun checks for auxiliary files (HO)
Package uniquecounter Info: New unique counter `rerunfilecheck' on input line 2
82.
)
\Hy@SectionHShift=\skip43
)
("C:\Users\Domo\AppData\Local\Programs\MiKTeX 2.9\tex\latex\amsmath\amsmath.sty
"
Package: amsmath 2017/09/02 v2.17a AMS math features
\@mathmargin=\skip44

For additional information on amsmath, use the `?' option.
("C:\Users\Domo\AppData\Local\Programs\MiKTeX 2.9\tex\latex\amsmath\amstext.sty
"
Package: amstext 2000/06/29 v2.01 AMS text
 ("C:\Users\Domo\AppData\Local\Programs\MiKTeX 2.9\tex\latex\amsmath\amsgen.sty
"
File: amsgen.sty 1999/11/30 v2.0 generic functions
\@emptytoks=\toks19
\ex@=\dimen109
))
("C:\Users\Domo\AppData\Local\Programs\MiKTeX 2.9\tex\latex\amsmath\amsbsy.sty"
Package: amsbsy 1999/11/29 v1.2d Bold Symbols
\pmbraise@=\dimen110
) ("C:\Users\Domo\AppData\Local\Programs\MiKTeX 2.9\tex\latex\amsmath\amsopn.st
y"
Package: amsopn 2016/03/08 v2.02 operator names
)
\inf@bad=\count100
LaTeX Info: Redefining \frac on input line 213.
\uproot@=\count101
\leftroot@=\count102
LaTeX Info: Redefining \overline on input line 375.
\classnum@=\count103
\DOTSCASE@=\count104
LaTeX Info: Redefining \ldots on input line 472.
LaTeX Info: Redefining \dots on input line 475.
LaTeX Info: Redefining \cdots on input line 596.
\Mathstrutbox@=\box28
\strutbox@=\box29
\big@size=\dimen111
LaTeX Font Info:    Redeclaring font encoding OML on input line 712.
LaTeX Font Info:    Redeclaring font encoding OMS on input line 713.
\macc@depth=\count105
\c@MaxMatrixCols=\count106
\dotsspace@=\muskip11
\c@parentequation=\count107
\dspbrk@lvl=\count108
\tag@help=\toks20
\row@=\count109
\column@=\count110
\maxfields@=\count111
\andhelp@=\toks21
\eqnshift@=\dimen112
\alignsep@=\dimen113
\tagshift@=\dimen114
\tagwidth@=\dimen115
\totwidth@=\dimen116
\lineht@=\dimen117
\@envbody=\toks22
\multlinegap=\skip45
\multlinetaggap=\skip46
\mathdisplay@stack=\toks23
LaTeX Info: Redefining \[ on input line 2817.
LaTeX Info: Redefining \] on input line 2818.
) ("C:\Users\Domo\AppData\Local\Programs\MiKTeX 2.9\tex\latex\was\gensymb.sty"
Package: gensymb 2003/07/02 v1.0 (WaS)
)
("C:\Users\Domo\AppData\Local\Programs\MiKTeX 2.9\tex\latex\pdfpages\pdfpages.s
ty"
Package: pdfpages 2017/10/31 v0.5l Insert pages of external PDF documents (AM)
 ("C:\Users\Domo\AppData\Local\Programs\MiKTeX 2.9\tex\latex\base\ifthen.sty"
Package: ifthen 2014/09/29 v1.1c Standard LaTeX ifthen package (DPC)
) ("C:\Users\Domo\AppData\Local\Programs\MiKTeX 2.9\tex\latex\tools\calc.sty"
Package: calc 2017/05/25 v4.3 Infix arithmetic (KKT,FJ)
\calc@Acount=\count112
\calc@Bcount=\count113
\calc@Adimen=\dimen118
\calc@Bdimen=\dimen119
\calc@Askip=\skip47
\calc@Bskip=\skip48
LaTeX Info: Redefining \setlength on input line 80.
LaTeX Info: Redefining \addtolength on input line 81.
\calc@Ccount=\count114
\calc@Cskip=\skip49
) ("C:\Users\Domo\AppData\Local\Programs\MiKTeX 2.9\tex\latex\eso-pic\eso-pic.s
ty"
Package: eso-pic 2018/04/12 v2.0h eso-pic (RN)
 ("C:\Users\Domo\AppData\Local\Programs\MiKTeX 2.9\tex\latex\xcolor\xcolor.sty"
Package: xcolor 2016/05/11 v2.12 LaTeX color extensions (UK)

("C:\Users\Domo\AppData\Local\Programs\MiKTeX 2.9\tex\latex\graphics-cfg\color.
cfg"
File: color.cfg 2016/01/02 v1.6 sample color configuration
)
Package xcolor Info: Driver file: pdftex.def on input line 225.
Package xcolor Info: Model `cmy' substituted by `cmy0' on input line 1348.
Package xcolor Info: Model `hsb' substituted by `rgb' on input line 1352.
Package xcolor Info: Model `RGB' extended on input line 1364.
Package xcolor Info: Model `HTML' substituted by `rgb' on input line 1366.
Package xcolor Info: Model `Hsb' substituted by `hsb' on input line 1367.
Package xcolor Info: Model `tHsb' substituted by `hsb' on input line 1368.
Package xcolor Info: Model `HSB' substituted by `hsb' on input line 1369.
Package xcolor Info: Model `Gray' substituted by `gray' on input line 1370.
Package xcolor Info: Model `wave' substituted by `hsb' on input line 1371.
))
\AM@pagewidth=\dimen120
\AM@pageheight=\dimen121

("C:\Users\Domo\AppData\Local\Programs\MiKTeX 2.9\tex\latex\pdfpages\pppdftex.d
ef"
File: pppdftex.def 2017/10/31 v0.5l Pdfpages driver for pdfTeX (AM)
)
\AM@pagebox=\box30
\AM@global@opts=\toks24
\AM@toc@title=\toks25
\c@AM@survey=\count115
\AM@templatesizebox=\box31
)
("C:\Users\Domo\AppData\Local\Programs\MiKTeX 2.9\tex\latex\tocbibind\tocbibind
.sty"
Package: tocbibind 2010/10/13 v1.5k extra ToC listings
Package tocbibind Info: The document has chapter divisions on input line 50.


Package tocbibind Note: Using chapter style headings, unless overridden.

)
("C:\Users\Domo\AppData\Local\Programs\MiKTeX 2.9\tex\latex\etoolbox\etoolbox.s
ty"
Package: etoolbox 2018/08/19 v2.5f e-TeX tools for LaTeX (JAW)
\etb@tempcnta=\count116
)
("C:\Users\Domo\AppData\Local\Programs\MiKTeX 2.9\tex\latex\enumitem\enumitem.s
ty"
Package: enumitem 2011/09/28 v3.5.2 Customized lists
\labelindent=\skip50
\enit@outerparindent=\dimen122
\enit@toks=\toks26
\enit@inbox=\box32
\enitdp@description=\count117
)
("C:\Users\Domo\AppData\Local\Programs\MiKTeX 2.9\tex\latex\multirow\multirow.s
ty"
Package: multirow 2018/08/03 v2.3 Span multiple rows of a table
\multirow@colwidth=\skip51
\multirow@cntb=\count118
\multirow@dima=\skip52
\bigstrutjot=\dimen123
)
("C:\Users\Domo\AppData\Local\Programs\MiKTeX 2.9\tex\latex\multirow\bigstrut.s
ty"
Package: bigstrut 2018/08/03 v2.3 Provide larger struts in tabulars
)
("C:\Users\Domo\AppData\Local\Programs\MiKTeX 2.9\tex\latex\graphics\rotating.s
ty"
Package: rotating 2016/08/11 v2.16d rotated objects in LaTeX
\c@r@tfl@t=\count119
\rotFPtop=\skip53
\rotFPbot=\skip54
\rot@float@box=\box33
\rot@mess@toks=\toks27
)
("C:\Users\Domo\AppData\Local\Programs\MiKTeX 2.9\tex\latex\colortbl\colortbl.s
ty"
Package: colortbl 2018/05/02 v1.0c Color table columns (DPC)
 ("C:\Users\Domo\AppData\Local\Programs\MiKTeX 2.9\tex\latex\tools\array.sty"
Package: array 2018/04/30 v2.4h Tabular extension package (FMi)
\col@sep=\dimen124
\ar@mcellbox=\box34
\extrarowheight=\dimen125
\NC@list=\toks28
\extratabsurround=\skip55
\backup@length=\skip56
\ar@cellbox=\box35
)
\everycr=\toks29
\minrowclearance=\skip57
)
("C:\Users\Domo\AppData\Local\Programs\MiKTeX 2.9\tex\latex\titlesec\titlesec.s
ty"
Package: titlesec 2016/03/21 v2.10.2 Sectioning titles
\ttl@box=\box36
\beforetitleunit=\skip58
\aftertitleunit=\skip59
\ttl@plus=\dimen126
\ttl@minus=\dimen127
\ttl@toksa=\toks30
\titlewidth=\dimen128
\titlewidthlast=\dimen129
\titlewidthfirst=\dimen130
)
("C:\Users\Domo\AppData\Local\Programs\MiKTeX 2.9\tex\latex\blindtext\blindtext
.sty"
Package: blindtext 2012/01/06 V2.0 blindtext-Package

("C:\Users\Domo\AppData\Local\Programs\MiKTeX 2.9\tex\latex\tools\xspace.sty"
Package: xspace 2014/10/28 v1.13 Space after command names (DPC,MH)
)
\c@blindtext=\count120
\c@Blindtext=\count121
\c@blind@countparstart=\count122
\blind@countxx=\count123
\blindtext@numBlindtext=\count124
\blind@countyy=\count125
\c@blindlist=\count126
\c@blindlistlevel=\count127
\c@blindlist@level=\count128
\blind@listitem=\count129
\c@blind@listcount=\count130
\c@blind@levelcount=\count131
\blind@mathformula=\count132
\blind@Mathformula=\count133
\c@blind@randomcount=\count134
\c@blind@randommax=\count135
\c@blind@pangramcount=\count136
\c@blind@pangrammax=\count137
)
("C:\Users\Domo\AppData\Local\Programs\MiKTeX 2.9\tex\latex\geometry\geometry.s
ty"
Package: geometry 2018/04/16 v5.8 Page Geometry
\Gm@cnth=\count138
\Gm@cntv=\count139
\c@Gm@tempcnt=\count140
\Gm@bindingoffset=\dimen131
\Gm@wd@mp=\dimen132
\Gm@odd@mp=\dimen133
\Gm@even@mp=\dimen134
\Gm@layoutwidth=\dimen135
\Gm@layoutheight=\dimen136
\Gm@layouthoffset=\dimen137
\Gm@layoutvoffset=\dimen138
\Gm@dimlist=\toks31

("C:\Users\Domo\AppData\Local\Programs\MiKTeX 2.9\tex\latex\geometry\geometry.c
fg"))

LaTeX Warning: Unused global option(s):
    [numbers=noenddot].

(Master.aux

LaTeX Warning: Label `eq_stddev' multiply defined.

)
\openout1 = `Master.aux'.

LaTeX Font Info:    Checking defaults for OML/cmm/m/it on input line 40.
LaTeX Font Info:    ... okay on input line 40.
LaTeX Font Info:    Checking defaults for T1/cmr/m/n on input line 40.
LaTeX Font Info:    ... okay on input line 40.
LaTeX Font Info:    Checking defaults for OT1/cmr/m/n on input line 40.
LaTeX Font Info:    ... okay on input line 40.
LaTeX Font Info:    Checking defaults for OMS/cmsy/m/n on input line 40.
LaTeX Font Info:    ... okay on input line 40.
LaTeX Font Info:    Checking defaults for OMX/cmex/m/n on input line 40.
LaTeX Font Info:    ... okay on input line 40.
LaTeX Font Info:    Checking defaults for U/cmr/m/n on input line 40.
LaTeX Font Info:    ... okay on input line 40.
LaTeX Font Info:    Checking defaults for OT4/cmr/m/n on input line 40.
LaTeX Font Info:    ... okay on input line 40.
LaTeX Font Info:    Checking defaults for PD1/pdf/m/n on input line 40.
LaTeX Font Info:    ... okay on input line 40.

("C:\Users\Domo\AppData\Local\Programs\MiKTeX 2.9\tex\context\base\supp-pdf.mki
i"
[Loading MPS to PDF converter (version 2006.09.02).]
\scratchcounter=\count141
\scratchdimen=\dimen139
\scratchbox=\box37
\nofMPsegments=\count142
\nofMParguments=\count143
\everyMPshowfont=\toks32
\MPscratchCnt=\count144
\MPscratchDim=\dimen140
\MPnumerator=\count145
\makeMPintoPDFobject=\count146
\everyMPtoPDFconversion=\toks33
)
("C:\Users\Domo\AppData\Local\Programs\MiKTeX 2.9\tex\latex\oberdiek\epstopdf-b
ase.sty"
Package: epstopdf-base 2016/05/15 v2.6 Base part for package epstopdf

("C:\Users\Domo\AppData\Local\Programs\MiKTeX 2.9\tex\latex\oberdiek\grfext.sty
"
Package: grfext 2016/05/16 v1.2 Manage graphics extensions (HO)
)
Package epstopdf-base Info: Redefining graphics rule for `.eps' on input line 4
38.
Package grfext Info: Graphics extension search list:
(grfext)             [.pdf,.png,.jpg,.mps,.jpeg,.jbig2,.jb2,.PDF,.PNG,.JPG,.JPE
G,.JBIG2,.JB2,.eps]
(grfext)             \AppendGraphicsExtensions on input line 456.
)
\AtBeginShipoutBox=\box38
Package hyperref Info: Link coloring OFF on input line 40.

("C:\Users\Domo\AppData\Local\Programs\MiKTeX 2.9\tex\latex\hyperref\nameref.st
y"
Package: nameref 2016/05/21 v2.44 Cross-referencing by name of section

("C:\Users\Domo\AppData\Local\Programs\MiKTeX 2.9\tex\generic\oberdiek\gettitle
string.sty"
Package: gettitlestring 2016/05/16 v1.5 Cleanup title references (HO)
)
\c@section@level=\count147
)
LaTeX Info: Redefining \ref on input line 40.
LaTeX Info: Redefining \pageref on input line 40.
LaTeX Info: Redefining \nameref on input line 40.
 (Master.out) (Master.out)
\@outlinefile=\write3
\openout3 = `Master.out'.

LaTeX Info: Redefining \celsius on input line 40.
Package gensymb Info: Faking symbols for \degree and \celsius on input line 40.



Package gensymb Warning: Not defining \perthousand.

LaTeX Info: Redefining \ohm on input line 40.
Package gensymb Info: Using \Omega for \ohm on input line 40.

Package gensymb Warning: Not defining \micro.


("C:\Users\Domo\AppData\Local\Programs\MiKTeX 2.9\tex\latex\oberdiek\pdflscape.
sty"
Package: pdflscape 2016/05/14 v0.11 Display of landscape pages in PDF (HO)

("C:\Users\Domo\AppData\Local\Programs\MiKTeX 2.9\tex\latex\graphics\lscape.sty
"
Package: lscape 2000/10/22 v3.01 Landscape Pages (DPC)
)
Package pdflscape Info: Auto-detected driver: pdftex on input line 81.
)
*geometry* driver: auto-detecting
*geometry* detected driver: pdftex
*geometry* verbose mode - [ preamble ] result:
* driver: pdftex
* paper: a4paper
* layout: <same size as paper>
* layoutoffset:(h,v)=(0.0pt,0.0pt)
* modes: 
* h-part:(L,W,R)=(85.35826pt, 441.01773pt, 71.13188pt)
* v-part:(T,H,B)=(71.13188pt, 702.78308pt, 71.13188pt)
* \paperwidth=597.50787pt
* \paperheight=845.04684pt
* \textwidth=441.01773pt
* \textheight=702.78308pt
* \oddsidemargin=13.08827pt
* \evensidemargin=13.08827pt
* \topmargin=-38.1381pt
* \headheight=12.0pt
* \headsep=25.0pt
* \topskip=12.0pt
* \footskip=30.0pt
* \marginparwidth=35.0pt
* \marginparsep=10.0pt
* \columnsep=10.0pt
* \skip\footins=10.8pt plus 4.0pt minus 2.0pt
* \hoffset=0.0pt
* \voffset=0.0pt
* \mag=1000
* \@twocolumnfalse
* \@twosidefalse
* \@mparswitchfalse
* \@reversemarginfalse
* (1in=72.27pt=25.4mm, 1cm=28.453pt)



pdfTeX warning: pdflatex (file ./first_page.pdf): PDF inclusion: found PDF vers
ion <1.7>, but at most version <1.5> allowed
<first_page.pdf, id=235, 597.55246pt x 845.07718pt>
File: first_page.pdf Graphic file (type pdf)
<use first_page.pdf>
Package pdftex.def Info: first_page.pdf  used on input line 44.
(pdftex.def)             Requested size: 597.551pt x 845.07512pt.


pdfTeX warning: pdflatex (file ./first_page.pdf): PDF inclusion: found PDF vers
ion <1.7>, but at most version <1.5> allowed
File: first_page.pdf Graphic file (type pdf)
<use first_page.pdf>
Package pdftex.def Info: first_page.pdf  used on input line 44.
(pdftex.def)             Requested size: 597.551pt x 845.07512pt.


pdfTeX warning: pdflatex (file ./first_page.pdf): PDF inclusion: found PDF vers
ion <1.7>, but at most version <1.5> allowed


pdfTeX warning: pdflatex (file ./first_page.pdf): PDF inclusion: found PDF vers
ion <1.7>, but at most version <1.5> allowed
<first_page.pdf, id=238, page=1, 597.55246pt x 845.07718pt>
File: first_page.pdf Graphic file (type pdf)
<use first_page.pdf, page 1>
Package pdftex.def Info: first_page.pdf , page1 used on input line 44.
(pdftex.def)             Requested size: 597.551pt x 845.07512pt.
File: first_page.pdf Graphic file (type pdf)
<use first_page.pdf, page 1>
Package pdftex.def Info: first_page.pdf , page1 used on input line 44.
(pdftex.def)             Requested size: 597.57834pt x 845.1138pt.
File: first_page.pdf Graphic file (type pdf)
<use first_page.pdf, page 1>
Package pdftex.def Info: first_page.pdf , page1 used on input line 44.
(pdftex.def)             Requested size: 597.57834pt x 845.1138pt.
File: first_page.pdf Graphic file (type pdf)
<use first_page.pdf, page 1>
Package pdftex.def Info: first_page.pdf , page1 used on input line 44.
(pdftex.def)             Requested size: 597.57834pt x 845.1138pt.
File: first_page.pdf Graphic file (type pdf)
<use first_page.pdf, page 1>
Package pdftex.def Info: first_page.pdf , page1 used on input line 44.
(pdftex.def)             Requested size: 597.57834pt x 845.1138pt.
[1

 <./first_page.pdf>] (Master.toc
LaTeX Font Info:    Try loading font information for OML+plm on input line 4.

("C:\Users\Domo\AppData\Local\Programs\MiKTeX 2.9\tex\latex\polski\omlplm.fd"
File: omlplm.fd 2008/02/24 v1.2.1 Font defs for fonts PL (MW)
)
LaTeX Font Info:    Try loading font information for OMS+plsy on input line 4.

("C:\Users\Domo\AppData\Local\Programs\MiKTeX 2.9\tex\latex\polski\omsplsy.fd"
File: omsplsy.fd 2008/02/24 v1.2.1 Font defs for fonts PL (MW)
)
LaTeX Font Info:    Try loading font information for OMX+plex on input line 4.
("C:\Users\Domo\AppData\Local\Programs\MiKTeX 2.9\tex\latex\polski\omxplex.fd"
File: omxplex.fd 2008/02/24 v1.2.1 Font defs for fonts PL (MW)
)
LaTeX Font Info:    External font `plex10' loaded for size
(Font)              <12> on input line 4.
LaTeX Font Info:    External font `plex10' loaded for size
(Font)              <8> on input line 4.
LaTeX Font Info:    External font `plex10' loaded for size
(Font)              <6> on input line 4.
[1

{C:/Users/Domo/AppData/Local/MiKTeX/2.9/pdftex/config/pdftex.map}])
\tf@toc=\write4
\openout4 = `Master.toc'.

 [2]
Rozdzia\PlPrIeC {\l } 1.
[3

]
Rozdzia\PlPrIeC {\l } 2.
[4

]
Rozdzia\PlPrIeC {\l } 3.
[5

] [6] [7] [8]
Rozdzia\PlPrIeC {\l } 4.
[9

] [10] [11] [12]
Rozdzia\PlPrIeC {\l } 5.

Overfull \hbox (21.63507pt too wide) in paragraph at lines 165--165
|[]\OT4/cmr/bx/n/24.88 Badanie przy-swa-ja-nia me-cha-nik gry| 
 []

<fig/tmp.jpg, id=477, 491.8375pt x 867.24pt>
File: fig/tmp.jpg Graphic file (type jpg)
<use fig/tmp.jpg>
Package pdftex.def Info: fig/tmp.jpg  used on input line 177.
(pdftex.def)             Requested size: 129.0905pt x 227.62204pt.

LaTeX Warning: `!h' float specifier changed to `!ht'.

[13

]
File: fig/tmp.jpg Graphic file (type jpg)
<use fig/tmp.jpg>
Package pdftex.def Info: fig/tmp.jpg  used on input line 189.
(pdftex.def)             Requested size: 129.0905pt x 227.62204pt.


LaTeX Warning: `!h' float specifier changed to `!ht'.

[14 <./fig/tmp.jpg>]
LaTeX Font Info:    Try loading font information for OMS+cmr on input line 202.


("C:\Users\Domo\AppData\Local\Programs\MiKTeX 2.9\tex\latex\base\omscmr.fd"
File: omscmr.fd 2014/09/29 v2.5h Standard LaTeX font definitions
)
LaTeX Font Info:    Font shape `OMS/cmr/m/n' in size <12> not available
(Font)              Font shape `OMS/cmsy/m/n' tried instead on input line 202.
<fig/tmp2.jpg, id=490, 984.67876pt x 867.24pt>
File: fig/tmp2.jpg Graphic file (type jpg)
<use fig/tmp2.jpg>
Package pdftex.def Info: fig/tmp2.jpg  used on input line 212.
(pdftex.def)             Requested size: 258.44447pt x 227.62204pt.


LaTeX Warning: `!h' float specifier changed to `!ht'.

File: fig/tmp2.jpg Graphic file (type jpg)
<use fig/tmp2.jpg>
Package pdftex.def Info: fig/tmp2.jpg  used on input line 224.
(pdftex.def)             Requested size: 258.44447pt x 227.62204pt.
[15]

LaTeX Warning: `!h' float specifier changed to `!ht'.

File: fig/tmp2.jpg Graphic file (type jpg)
<use fig/tmp2.jpg>
Package pdftex.def Info: fig/tmp2.jpg  used on input line 232.
(pdftex.def)             Requested size: 258.44447pt x 227.62204pt.

LaTeX Warning: `!h' float specifier changed to `!ht'.

[16 <./fig/tmp2.jpg>]
Overfull \hbox (21.86104pt too wide) in paragraph at lines 244--251
 [][] 
 []

[17]
File: fig/tmp.jpg Graphic file (type jpg)
<use fig/tmp.jpg>
Package pdftex.def Info: fig/tmp.jpg  used on input line 263.
(pdftex.def)             Requested size: 129.0905pt x 227.62204pt.


LaTeX Warning: `!h' float specifier changed to `!ht'.

File: fig/tmp.jpg Graphic file (type jpg)
<use fig/tmp.jpg>
Package pdftex.def Info: fig/tmp.jpg  used on input line 271.
(pdftex.def)             Requested size: 129.0905pt x 227.62204pt.
[18]

LaTeX Warning: `!h' float specifier changed to `!ht'.

[19]
<fig/tmp5.jpg, id=526, 2465.21pt x 867.24pt>
File: fig/tmp5.jpg Graphic file (type jpg)
<use fig/tmp5.jpg>
Package pdftex.def Info: fig/tmp5.jpg  used on input line 291.
(pdftex.def)             Requested size: 441.01773pt x 155.14369pt.


LaTeX Warning: `!h' float specifier changed to `!ht'.

[20] [21 <./fig/tmp5.jpg>] [22] [23] [24] (tables/ref_RESULTS.tex) [25]
[26] [27]
Rozdzia\PlPrIeC {\l } 6.
[28

] (tables/swipe_mesh.tex) (tables/RESULTS_swipe_mesh.tex)
(tables/swipe_2d.tex) (tables/RESULTS_swipe_2d.tex) (tables/click_mesh.tex)
(tables/RESULTS_click_mesh.tex) (tables/click_2d.tex)
Underfull \hbox (badness 10000) in paragraph at lines 571--577
[][]
 []

(tables/RESULTS_click_2d.tex) [29] [30] [31] [32] [33]
<diag/tAbs_swipe12.png, id=628, 1219.55624pt x 391.4625pt>
File: diag/tAbs_swipe12.png Graphic file (type png)
<use diag/tAbs_swipe12.png>
Package pdftex.def Info: diag/tAbs_swipe12.png  used on input line 593.
(pdftex.def)             Requested size: 441.01773pt x 141.55954pt.
<diag/tAbs_click12.png, id=629, 1219.55624pt x 391.4625pt>
File: diag/tAbs_click12.png Graphic file (type png)
<use diag/tAbs_click12.png>
Package pdftex.def Info: diag/tAbs_click12.png  used on input line 600.
(pdftex.def)             Requested size: 441.01773pt x 141.55954pt.

Underfull \hbox (badness 10000) in paragraph at lines 605--608

 []

[34 <./diag/tAbs_swipe12.png> <./diag/tAbs_click12.png>]
<diag/ref_tThink_tAbs.png, id=637, 1232.605pt x 681.54625pt>
File: diag/ref_tThink_tAbs.png Graphic file (type png)
<use diag/ref_tThink_tAbs.png>
Package pdftex.def Info: diag/ref_tThink_tAbs.png  used on input line 613.
(pdftex.def)             Requested size: 441.01773pt x 243.84853pt.

Underfull \hbox (badness 10000) in paragraph at lines 618--620

 []

[35 <./diag/ref_tThink_tAbs.png>]
<diag/ref_rotations.png, id=646, 1224.575pt x 753.81625pt>
File: diag/ref_rotations.png Graphic file (type png)
<use diag/ref_rotations.png>
Package pdftex.def Info: diag/ref_rotations.png  used on input line 629.
(pdftex.def)             Requested size: 441.01773pt x 271.47717pt.
 [36 <./diag/ref_rotations.png>]
Underfull \hbox (badness 10000) in paragraph at lines 638--639

 []

<diag/ref_clicks.png, id=654, 1224.575pt x 753.81625pt>
File: diag/ref_clicks.png Graphic file (type png)
<use diag/ref_clicks.png>
Package pdftex.def Info: diag/ref_clicks.png  used on input line 642.
(pdftex.def)             Requested size: 441.01773pt x 271.47717pt.
[37 <./diag/ref_clicks.png>]
Underfull \hbox (badness 10000) in paragraph at lines 651--652

 []

<diag/errors_1.png, id=662, 1184.425pt x 624.3325pt>
File: diag/errors_1.png Graphic file (type png)
<use diag/errors_1.png>
Package pdftex.def Info: diag/errors_1.png  used on input line 658.
(pdftex.def)             Requested size: 441.01773pt x 232.46649pt.

LaTeX Warning: `!h' float specifier changed to `!ht'.

<diag/errors_2.png, id=663, 1184.425pt x 624.3325pt>
File: diag/errors_2.png Graphic file (type png)
<use diag/errors_2.png>
Package pdftex.def Info: diag/errors_2.png  used on input line 665.
(pdftex.def)             Requested size: 441.01773pt x 232.46649pt.

LaTeX Warning: `!h' float specifier changed to `!ht'.


Overfull \hbox (6.51999pt too wide) in paragraph at lines 670--671
[]\OT4/cmr/m/n/12 Dzi¦ki ta-kie-mu przed-sta-wie-niu da-nych za-ob-ser-wo-wa¢ m
o»-na cie-ka-we za-le»-no-±ci w bª¦-
 []

[38] [39 <./diag/errors_1.png> <./diag/errors_2.png>]
<diag/rel_mean_absThinkTime.png, id=678, 1201.48875pt x 392.46625pt>
File: diag/rel_mean_absThinkTime.png Graphic file (type png)
<use diag/rel_mean_absThinkTime.png>
Package pdftex.def Info: diag/rel_mean_absThinkTime.png  used on input line 683
.
(pdftex.def)             Requested size: 441.01773pt x 144.06042pt.
<diag/rel_median_absThinkTime.png, id=680, 1201.48875pt x 392.46625pt>
File: diag/rel_median_absThinkTime.png Graphic file (type png)
<use diag/rel_median_absThinkTime.png>
Package pdftex.def Info: diag/rel_median_absThinkTime.png  used on input line 6
92.
(pdftex.def)             Requested size: 441.01773pt x 144.06042pt.


LaTeX Warning: `!h' float specifier changed to `!ht'.

[40 <./diag/rel_mean_absThinkTime.png>]
Underfull \hbox (badness 10000) in paragraph at lines 699--700

 []

<diag/rel_mean_rotations.png, id=689, 602.25pt x 301.125pt>
File: diag/rel_mean_rotations.png Graphic file (type png)
<use diag/rel_mean_rotations.png>
Package pdftex.def Info: diag/rel_mean_rotations.png  used on input line 705.
(pdftex.def)             Requested size: 396.91325pt x 198.46281pt.

LaTeX Warning: `!h' float specifier changed to `!ht'.

[41 <./diag/rel_median_absThinkTime.png>]
<diag/rel_mean_clicks.png, id=697, 602.25pt x 301.125pt>
File: diag/rel_mean_clicks.png Graphic file (type png)
<use diag/rel_mean_clicks.png>
Package pdftex.def Info: diag/rel_mean_clicks.png  used on input line 716.
(pdftex.def)             Requested size: 396.91325pt x 198.46281pt.


LaTeX Warning: `!h' float specifier changed to `!ht'.

[42 <./diag/rel_mean_rotations.png>]
Underfull \hbox (badness 10000) in paragraph at lines 726--727

 []

<diag/rel_mean_rotationsNorm.png, id=706, 1219.55624pt x 303.1325pt>
File: diag/rel_mean_rotationsNorm.png Graphic file (type png)
<use diag/rel_mean_rotationsNorm.png>
Package pdftex.def Info: diag/rel_mean_rotationsNorm.png  used on input line 73
4.
(pdftex.def)             Requested size: 441.01773pt x 109.6179pt.

LaTeX Warning: `!h' float specifier changed to `!ht'.

[43 <./diag/rel_mean_clicks.png>]
<diag/rel_mean_clicksNorm.png, id=713, 1219.55624pt x 303.1325pt>
File: diag/rel_mean_clicksNorm.png Graphic file (type png)
<use diag/rel_mean_clicksNorm.png>
Package pdftex.def Info: diag/rel_mean_clicksNorm.png  used on input line 743.
(pdftex.def)             Requested size: 441.01773pt x 109.6179pt.
 [44 <./diag/rel_mean_rotationsNorm.png> <./diag/rel_mean_clicksNorm.png>]
Rozdzia\PlPrIeC {\l } 7.

Underfull \hbox (badness 10000) in paragraph at lines 758--759

 []


Underfull \hbox (badness 10000) in paragraph at lines 760--762

 []


Underfull \hbox (badness 10000) in paragraph at lines 771--772

 []

[45

]
<diag/errors_sum.png, id=726, 434.62375pt x 600.2425pt>
File: diag/errors_sum.png Graphic file (type png)
<use diag/errors_sum.png>
Package pdftex.def Info: diag/errors_sum.png  used on input line 777.
(pdftex.def)             Requested size: 199.16928pt x 275.07077pt.

Underfull \hbox (badness 10000) in paragraph at lines 788--789

 []

[46 <./diag/errors_sum.png>]
Underfull \hbox (badness 10000) in paragraph at lines 792--793

 []

<diag/tBall_sum.png, id=735, 275.0275pt x 513.92pt>
File: diag/tBall_sum.png Graphic file (type png)
<use diag/tBall_sum.png>
Package pdftex.def Info: diag/tBall_sum.png  used on input line 796.
(pdftex.def)             Requested size: 199.16928pt x 372.17859pt.

LaTeX Warning: `!h' float specifier changed to `!ht'.

[47] [48 <./diag/tBall_sum.png>]
Rozdzia\PlPrIeC {\l } 8.

Underfull \hbox (badness 10000) in paragraph at lines 807--808

 []


Underfull \hbox (badness 10000) in paragraph at lines 809--815

 []

[49

]
Underfull \hbox (badness 10000) in paragraph at lines 817--820

 []

[50]
Rozdzia\PlPrIeC {\l } 9.
(Master.bblpdfTeX warning (ext4): destination with the same identifier (name{pa
ge.}) has been already used, duplicate ignored
<to be read again> 
                   \relax 
l.1 \begin{thebibliography}{10}
                                [1

]
Rozdzia\PlPrIeC {\l } 10.
LaTeX Font Info:    Try loading font information for OT4+cmtt on input line 17.

("C:\Users\Domo\AppData\Local\Programs\MiKTeX 2.9\tex\latex\polski\ot4cmtt.fd"
File: ot4cmtt.fd 2008/02/24 v1.2.1 Font defs for fonts PL (MW)
)
Underfull \hbox (badness 7012) in paragraph at lines 16--19
[]\OT4/cmr/m/n/12 M. Si-cart, ``De-fi-ning ga-me me-cha-nics.'' []$\OT4/cmtt/m/
n/12 http : / / gamestudies . org / 0802 /
 []


Underfull \hbox (badness 10000) in paragraph at lines 32--35
[]\OT4/cmr/m/n/12 ``What is eye trac-king?.'' []$\OT4/cmtt/m/n/12 https : / / w
ww . tobiipro . com / blog /
 []

pdfTeX warning (ext4): destination with the same identifier (name{page.}) has b
een already used, duplicate ignored
<to be read again> 
                   \relax 
l.69 \bibitem{art_Usability}
                             [2

])pdfTeX warning (ext4): destination with the same identifier (name{page.}) has
 been already used, duplicate ignored
<to be read again> 
                   \relax 
l.844 \listoffigures
                     [3]
Rozdzia\PlPrIeC {\l } 11.
(Master.lofpdfTeX warning (ext4): destination with the same identifier (name{pa
ge.}) has been already used, duplicate ignored
<to be read again> 
                   \relax 
l.21 ...space {}dane wersji gry.}}{39}{figure.6.7}
                                                   [4

]
Overfull \hbox (5.21658pt too wide) in paragraph at lines 24--24
 \OT4/cmr/m/n/12 mach. O± od-ci¦-tych ozna-cza ko-lej-ne po-zio-my, za± rz¦d-ny
ch okre-±la wzgl¦d- 
 []

)
\tf@lof=\write5
\openout5 = `Master.lof'.

pdfTeX warning (ext4): destination with the same identifier (name{page.}) has b
een already used, duplicate ignored
<to be read again> 
                   \relax 
l.845 \chapter
              {ZawartoÅ›Ä‡ pÅ‚yty} [5]
Rozdzia\PlPrIeC {\l } 12.
Package atveryend Info: Empty hook `BeforeClearDocument' on input line 852.
pdfTeX warning (ext4): destination with the same identifier (name{page.}) has b
een already used, duplicate ignored
<to be read again> 
                   \relax 
l.852 \end{document}
                     [6

]
Package atveryend Info: Empty hook `AfterLastShipout' on input line 852.
 (Master.aux)
Package atveryend Info: Executing hook `AtVeryEndDocument' on input line 852.
Package atveryend Info: Executing hook `AtEndAfterFileList' on input line 852.
Package rerunfilecheck Info: File `Master.out' has not changed.
(rerunfilecheck)             Checksum: 5583544F1FAF3E0D66290AF6B2B244D6;3896.


LaTeX Warning: There were multiply-defined labels.

Package atveryend Info: Empty hook `AtVeryVeryEnd' on input line 852.
 ) 
Here is how much of TeX's memory you used:
 9447 strings out of 492973
 139792 string characters out of 3127136
 1194932 words of memory out of 3000000
 12917 multiletter control sequences out of 15000+200000
 12222 words of font info for 35 fonts, out of 3000000 for 9000
 1141 hyphenation exceptions out of 8191
 37i,18n,43p,2298b,472s stack positions out of 5000i,500n,10000p,200000b,50000s
{C:/Users/Domo/AppData/Local/Programs/MiKTeX 2.9/fonts/enc/dvips/pl/pltt.enc}
{C:/Users/Domo/AppData/Local/Programs/MiKTeX 2.9/fonts/enc/dvips/pl/plrm.enc}{C
:/Users/Domo/AppData/Local/Programs/MiKTeX 2.9/fonts/enc/dvips/pl/plme.enc}{C:/
Users/Domo/AppData/Local/Programs/MiKTeX 2.9/fonts/enc/dvips/pl/plmi.enc}{C:/Us
ers/Domo/AppData/Local/Programs/MiKTeX 2.9/fonts/enc/dvips/pl/plms.enc}{C:/User
s/Domo/AppData/Local/Programs/MiKTeX 2.9/fonts/enc/dvips/pl/plit.enc}<C:/Users/
Domo/AppData/Local/Programs/MiKTeX 2.9/fonts/type1/public/amsfonts/cm/cmsy10.pf
b><C:/Users/Domo/AppData/Local/Programs/MiKTeX 2.9/fonts/type1/public/pl/plbx12
.pfb><C:/Users/Domo/AppData/Local/Programs/MiKTeX 2.9/fonts/type1/public/pl/ple
x10.pfb><C:/Users/Domo/AppData/Local/Programs/MiKTeX 2.9/fonts/type1/public/pl/
plmi12.pfb><C:/Users/Domo/AppData/Local/Programs/MiKTeX 2.9/fonts/type1/public/
pl/plmi6.pfb><C:/Users/Domo/AppData/Local/Programs/MiKTeX 2.9/fonts/type1/publi
c/pl/plmi8.pfb><C:/Users/Domo/AppData/Local/Programs/MiKTeX 2.9/fonts/type1/pub
lic/pl/plr12.pfb><C:/Users/Domo/AppData/Local/Programs/MiKTeX 2.9/fonts/type1/p
ublic/pl/plr6.pfb><C:/Users/Domo/AppData/Local/Programs/MiKTeX 2.9/fonts/type1/
public/pl/plr8.pfb><C:/Users/Domo/AppData/Local/Programs/MiKTeX 2.9/fonts/type1
/public/pl/plsy10.pfb><C:/Users/Domo/AppData/Local/Programs/MiKTeX 2.9/fonts/ty
pe1/public/pl/plti12.pfb><C:/Users/Domo/AppData/Local/Programs/MiKTeX 2.9/fonts
/type1/public/pl/pltt12.pfb>
Output written on Master.pdf (57 pages, 3107238 bytes).
PDF statistics:
 949 PDF objects out of 1000 (max. 8388607)
 198 named destinations out of 1000 (max. 500000)
 575 words of extra memory for PDF output out of 10000 (max. 10000000)

